<?xml version="1.0" encoding="UTF-8"?>
<testsuite xmlns:xsi="http://www.w3.org/2001/XMLSchema-instance" xsi:noNamespaceSchemaLocation="https://maven.apache.org/surefire/maven-surefire-plugin/xsd/surefire-test-report.xsd" name="org.wens.os.common.queue.RedisMessageQueueTest" time="3.267" tests="3" errors="0" skipped="0" failures="0">
  <properties>
[...]
</properties>
  <testcase name="test_send_1" classname="org.wens.os.common.queue.RedisMessageQueueTest" time="1.177"/>
  <testcase name="test_send_2" classname="org.wens.os.common.queue.RedisMessageQueueTest" time="1.011"/>
  <testcase name="test_close" classname="org.wens.os.common.queue.RedisMessageQueueTest" time="1.012"/>
</testsuite>